<?xml version="1.0" encoding="UTF-8"?>
<!-- Generated by org.testng.reporters.JUnitReportReporter -->
<testsuite hostname="FVFHXF0BQ6LR" failures="0" tests="1" name="Collection.Delete" time="1.161" errors="0" timestamp="2023-05-16T03:32:36 GMT-07:00" skipped="0">
  <testcase classname="Collection.Delete" name="TC1" time="1.161"/>
  <system-out/>
</testsuite> <!-- Collection.Delete -->
