<?xml version="1.0" encoding="UTF-8"?>
<!-- Generated by org.testng.reporters.JUnitReportReporter -->
<testsuite hostname="FVFHXF0BQ6LR" failures="0" tests="1" name="Collection.Get1" time="0.821" errors="0" timestamp="2023-05-16T02:38:01 GMT-07:00" skipped="0">
  <testcase classname="Collection.Get1" name="tc1" time="0.821"/>
  <system-out/>
</testsuite> <!-- Collection.Get1 -->
